<?xml version="1.0" encoding="UTF-8"?>
<!-- Generated by org.testng.reporters.JUnitReportReporter -->
<testsuite hostname="Ankit" failures="0" tests="13" name="com.qa.opencart.tests.AccountPageTest" time="6.474" errors="0" timestamp="2024-11-03T16:38:42 IST" skipped="0">
  <testcase classname="com.qa.opencart.tests.AccountPageTest" name="searchCountTest" time="0.545"/>
  <system-out/>
  <testcase classname="com.qa.opencart.tests.AccountPageTest" name="AccountpagHeaderTest" time="0.085"/>
  <system-out/>
  <testcase classname="com.qa.opencart.tests.AccountPageTest" name="searchTest" time="0.889"/>
  <system-out/>
  <testcase classname="com.qa.opencart.tests.AccountPageTest" name="searchTest" time="0.795"/>
  <system-out/>
  <testcase classname="com.qa.opencart.tests.AccountPageTest" name="searchCountTest" time="0.406"/>
  <system-out/>
  <testcase classname="com.qa.opencart.tests.AccountPageTest" name="searchTest" time="0.886"/>
  <system-out/>
  <testcase classname="com.qa.opencart.tests.AccountPageTest" name="accountPageHearderCountTest" time="0.053"/>
  <system-out/>
  <testcase classname="com.qa.opencart.tests.AccountPageTest" name="searchTest" time="0.815"/>
  <system-out/>
  <testcase classname="com.qa.opencart.tests.AccountPageTest" name="isLogoutLinkExistsTest" time="0.032"/>
  <system-out/>
  <testcase classname="com.qa.opencart.tests.AccountPageTest" name="searchCountTest" time="0.384"/>
  <system-out/>
  <testcase classname="com.qa.opencart.tests.AccountPageTest" name="accountPageTiltleTest" time="0.017"/>
  <system-out/>
  <testcase classname="com.qa.opencart.tests.AccountPageTest" name="searchTest" time="0.761"/>
  <system-out/>
  <testcase classname="com.qa.opencart.tests.AccountPageTest" name="searchTest" time="0.806"/>
  <system-out/>
</testsuite> <!-- com.qa.opencart.tests.AccountPageTest -->
